{
  "stats": {
    "suites": 7,
    "tests": 14,
    "passes": 7,
    "pending": 0,
    "failures": 7,
    "start": "2023-06-20T08:52:37.991Z",
    "end": "2023-06-20T08:52:42.026Z",
    "duration": 4035,
    "testsRegistered": 14,
    "passPercent": 50,
    "pendingPercent": 0,
    "other": 0,
    "hasOther": false,
    "skipped": 0,
    "hasSkipped": false
  },
  "results": [
    {
      "uuid": "31a41511-19e8-4d1c-a3cb-2efee1d93d1f",
      "title": "",
      "fullFile": "",
      "file": "",
      "beforeHooks": [],
      "afterHooks": [],
      "tests": [],
      "suites": [
        {
          "uuid": "94ae72ef-2d7c-465f-80e4-9bc9eedf3249",
          "title": "Authorization",
          "fullFile": "C:\\Users\\Muhammad Zikri\\Desktop\\Lembaga Les Yang Diikuti\\Sanbercode\\Tugas2\\test\\Automation.js",
          "file": "\\test\\Automation.js",
          "beforeHooks": [],
          "afterHooks": [],
          "tests": [
            {
              "title": "Positif Case - Registration Berhasil",
              "fullTitle": "Authorization Positif Case - Registration Berhasil",
              "timedOut": false,
              "duration": 1100,
              "state": "passed",
              "speed": "slow",
              "pass": true,
              "fail": false,
              "pending": false,
              "context": null,
              "code": "const response = await request\n    .post(\"/registration\")\n    .send({\n        \"name\": \"Zikri\",\n        \"email\": \"zikri@gmail.com\",\n        \"password\": \"hahahah\"\n    });\nconsole.log(response.body);\nexpect(response.status).to.eql(201);\nexpect(response.body.data.name).to.eql(\"Zikri\");\nexpect(response.body.data.email).to.eql(\"zikri@gmail.com\");",
              "err": {},
              "uuid": "4109eadc-ec97-40e0-a48c-90c772e1290f",
              "parentUUID": "94ae72ef-2d7c-465f-80e4-9bc9eedf3249",
              "isHook": false,
              "skipped": false
            },
            {
              "title": "Negatif Case - Registration Gagal",
              "fullTitle": "Authorization Negatif Case - Registration Gagal",
              "timedOut": false,
              "duration": 464,
              "state": "failed",
              "speed": null,
              "pass": false,
              "fail": true,
              "pending": false,
              "context": null,
              "code": "const response = await request\n    .post(\"/registration\")\n    .send({\n        \"name\": \"Picarro\",\n        \"email\": \"picarro@gmail.com\",\n        \"password\": \"picaro\"\n    });\nexpect(response.status).to.eql(401);\nexpect(response.body.data.name).to.eql(\"name\");\nexpect(response.body.data.email).to.eql(\"picarro@gmail.com\");",
              "err": {
                "message": "AssertionError: expected 201 to deeply equal 401",
                "estack": "AssertionError: expected 201 to deeply equal 401\n    at Context.<anonymous> (test\\Automation.js:32:36)\n    at process.processTicksAndRejections (node:internal/process/task_queues:95:5)",
                "diff": "- 201\n+ 401\n"
              },
              "uuid": "f7dd1053-174b-4d3c-b53f-b1cc2da9f376",
              "parentUUID": "94ae72ef-2d7c-465f-80e4-9bc9eedf3249",
              "isHook": false,
              "skipped": false
            }
          ],
          "suites": [],
          "passes": [
            "4109eadc-ec97-40e0-a48c-90c772e1290f"
          ],
          "failures": [
            "f7dd1053-174b-4d3c-b53f-b1cc2da9f376"
          ],
          "pending": [],
          "skipped": [],
          "duration": 1564,
          "root": false,
          "rootEmpty": false,
          "_timeout": 2000
        },
        {
          "uuid": "fad6572a-41ef-415b-95ba-6982d37cde20",
          "title": "Login",
          "fullFile": "C:\\Users\\Muhammad Zikri\\Desktop\\Lembaga Les Yang Diikuti\\Sanbercode\\Tugas2\\test\\Automation.js",
          "file": "\\test\\Automation.js",
          "beforeHooks": [],
          "afterHooks": [],
          "tests": [
            {
              "title": "Positif Case - Login Berhasil",
              "fullTitle": "Login Positif Case - Login Berhasil",
              "timedOut": false,
              "duration": 449,
              "state": "passed",
              "speed": "slow",
              "pass": true,
              "fail": false,
              "pending": false,
              "context": null,
              "code": "const response = await request\n    .post(\"/authentications\")\n    .send({\n        \"email\": \"zikri@gmail.com\",\n        \"password\": \"hahahah\"\n    })\nconsole.log(response.body);\nexpect(response.status).to.eql(201);\nexpect(response.body.data.user.email).to.eql(\"zikri@gmail.com\");\n// membuat sebuah token\ntoken = response.body.data.accessToken;\nconsole.log(\"Access Token : \", token);",
              "err": {},
              "uuid": "fe9ce2b3-0060-4b77-8730-81dfaae1a6a8",
              "parentUUID": "fad6572a-41ef-415b-95ba-6982d37cde20",
              "isHook": false,
              "skipped": false
            },
            {
              "title": "Negatif Case - Login Gagal",
              "fullTitle": "Login Negatif Case - Login Gagal",
              "timedOut": false,
              "duration": 421,
              "state": "failed",
              "speed": null,
              "pass": false,
              "fail": true,
              "pending": false,
              "context": null,
              "code": "const response = await request\n    .post(\"/authentications\")\n    .send({\n        \"email\": \"picarro@gmail.com\",\n        \"password\": \"picaro\"\n    })\nexpect(response.status).to.eql(201);\nexpect(response.body.data.user.email).to.eql(\"picasso@gmail.com\");",
              "err": {
                "message": "AssertionError: expected 'picarro@gmail.com' to deeply equal 'picasso@gmail.com'",
                "estack": "AssertionError: expected 'picarro@gmail.com' to deeply equal 'picasso@gmail.com'\n    at Context.<anonymous> (test\\Automation.js:65:50)\n    at process.processTicksAndRejections (node:internal/process/task_queues:95:5)",
                "diff": "- picarro@gmail.com\n+ picasso@gmail.com\n"
              },
              "uuid": "a0a05630-b7fc-4fca-a9c0-e1022262f21d",
              "parentUUID": "fad6572a-41ef-415b-95ba-6982d37cde20",
              "isHook": false,
              "skipped": false
            }
          ],
          "suites": [],
          "passes": [
            "fe9ce2b3-0060-4b77-8730-81dfaae1a6a8"
          ],
          "failures": [
            "a0a05630-b7fc-4fca-a9c0-e1022262f21d"
          ],
          "pending": [],
          "skipped": [],
          "duration": 870,
          "root": false,
          "rootEmpty": false,
          "_timeout": 2000
        },
        {
          "uuid": "f9fcf5e4-9ebd-4641-b4cc-b2a878a71efc",
          "title": "Create User",
          "fullFile": "C:\\Users\\Muhammad Zikri\\Desktop\\Lembaga Les Yang Diikuti\\Sanbercode\\Tugas2\\test\\Automation.js",
          "file": "\\test\\Automation.js",
          "beforeHooks": [],
          "afterHooks": [],
          "tests": [
            {
              "title": "Positif Case - User Berhasil Dibuat",
              "fullTitle": "Create User Positif Case - User Berhasil Dibuat",
              "timedOut": false,
              "duration": 413,
              "state": "passed",
              "speed": "slow",
              "pass": true,
              "fail": false,
              "pending": false,
              "context": null,
              "code": "const response = await request\n    .post(\"/users\")\n    .send({\n        \"name\": \"kasir-serbaguna\",\n        \"email\": \"user@example.com\",\n        \"password\": \"jiasda2321@\"\n    })\n    .set({\n        Authorization: `Bearer ${token}`,\n        ContentType: \"application/json\"\n    });\nconsole.log(response.body);\nexpect(response.status).to.eql(201);\nexpect(response.body.data.name).to.eql(\"kasir-serbaguna\");\n// membuat sebuah user ID\nuser_id = response.body.data.userId;\nconsole.log(\"User ID : \", user_id);",
              "err": {},
              "uuid": "3905585b-0f40-4faa-9c2f-841e0126092b",
              "parentUUID": "f9fcf5e4-9ebd-4641-b4cc-b2a878a71efc",
              "isHook": false,
              "skipped": false
            },
            {
              "title": "Negatif Case - User Gagal Dibuat",
              "fullTitle": "Create User Negatif Case - User Gagal Dibuat",
              "timedOut": false,
              "duration": 1,
              "state": "failed",
              "speed": null,
              "pass": false,
              "fail": true,
              "pending": false,
              "context": null,
              "code": "const request = await request\n    .post(\"/users\")\n    .send({\n        \"name\": \"kasir-cibaduyut\",\n        \"email\": \"kasircibaduyut@mail.com\",\n        \"password\": \"qrwetwe\"\n    })\n    .set({\n        Authorization: `Bearer ${token}`,\n        ContentType: \"application/json\"\n    })\nexpect(response.status).to.eql(203);\nexpect(response.body.data.name).to.eql(\"kasir-kasihsayang\");",
              "err": {
                "message": "ReferenceError: Cannot access 'request' before initialization",
                "estack": "ReferenceError: Cannot access 'request' before initialization\n    at Context.<anonymous> (test\\Automation.js:94:25)\n    at process.processImmediate (node:internal/timers:471:21)",
                "diff": null
              },
              "uuid": "1aca6f26-d963-4c2a-ac80-740456b207ed",
              "parentUUID": "f9fcf5e4-9ebd-4641-b4cc-b2a878a71efc",
              "isHook": false,
              "skipped": false
            }
          ],
          "suites": [],
          "passes": [
            "3905585b-0f40-4faa-9c2f-841e0126092b"
          ],
          "failures": [
            "1aca6f26-d963-4c2a-ac80-740456b207ed"
          ],
          "pending": [],
          "skipped": [],
          "duration": 414,
          "root": false,
          "rootEmpty": false,
          "_timeout": 2000
        },
        {
          "uuid": "aeaeeb88-7a8a-4943-90c4-112babf47fbd",
          "title": "Update User",
          "fullFile": "C:\\Users\\Muhammad Zikri\\Desktop\\Lembaga Les Yang Diikuti\\Sanbercode\\Tugas2\\test\\Automation.js",
          "file": "\\test\\Automation.js",
          "beforeHooks": [],
          "afterHooks": [],
          "tests": [
            {
              "title": "Positif Case - User Berhasil Di Update",
              "fullTitle": "Update User Positif Case - User Berhasil Di Update",
              "timedOut": false,
              "duration": 428,
              "state": "passed",
              "speed": "slow",
              "pass": true,
              "fail": false,
              "pending": false,
              "context": null,
              "code": "const response = await request\n    .put(`/users/${user_id}`)\n    .send({\n        \"name\": \"Alexander\",\n        \"email\": \"alexander@example.com\",\n        \"password\": \"@alexander\"\n    })\n    .set({\n        Authorization: `Bearer ${token}`,\n        ContentType: \"application/json\"\n    })\nconsole.log(response.body);\nexpect(response.status).to.eql(200);\nexpect(response.body.data.name).to.eql(\"Alexander\");",
              "err": {},
              "uuid": "c68480ce-1b7d-416e-858e-590d4f2e61ac",
              "parentUUID": "aeaeeb88-7a8a-4943-90c4-112babf47fbd",
              "isHook": false,
              "skipped": false
            },
            {
              "title": "Negatif Case - User Gagal Di Update",
              "fullTitle": "Update User Negatif Case - User Gagal Di Update",
              "timedOut": false,
              "duration": 89,
              "state": "failed",
              "speed": null,
              "pass": false,
              "fail": true,
              "pending": false,
              "context": null,
              "code": "const response = await request\n    .put(`/users/${user_id}`)\n    .send({\n        \"email\": \"fatahillah@example.com\",\n        \"password\": \"@fatahillah\"\n    })\n    .set({\n        Authorization: `Bearer ${token}`,\n        ContentType: \"application/json\"\n    })\nexpect(response.status).to.eql(500);\nexpect(response.body.data.email).to.eql(\"fatahillah@example.com\");",
              "err": {
                "message": "AssertionError: expected 400 to deeply equal 500",
                "estack": "AssertionError: expected 400 to deeply equal 500\n    at Context.<anonymous> (test\\Automation.js:143:36)\n    at process.processTicksAndRejections (node:internal/process/task_queues:95:5)",
                "diff": "- 400\n+ 500\n"
              },
              "uuid": "d6cdfacb-f91a-4589-8d99-2c98093d5596",
              "parentUUID": "aeaeeb88-7a8a-4943-90c4-112babf47fbd",
              "isHook": false,
              "skipped": false
            }
          ],
          "suites": [],
          "passes": [
            "c68480ce-1b7d-416e-858e-590d4f2e61ac"
          ],
          "failures": [
            "d6cdfacb-f91a-4589-8d99-2c98093d5596"
          ],
          "pending": [],
          "skipped": [],
          "duration": 517,
          "root": false,
          "rootEmpty": false,
          "_timeout": 2000
        },
        {
          "uuid": "cc19fc7a-cc00-4ce7-abfb-b6920358e911",
          "title": "Get User List",
          "fullFile": "C:\\Users\\Muhammad Zikri\\Desktop\\Lembaga Les Yang Diikuti\\Sanbercode\\Tugas2\\test\\Automation.js",
          "file": "\\test\\Automation.js",
          "beforeHooks": [],
          "afterHooks": [],
          "tests": [
            {
              "title": "Positif Case - User List Berhasil Ditampilkan",
              "fullTitle": "Get User List Positif Case - User List Berhasil Ditampilkan",
              "timedOut": false,
              "duration": 112,
              "state": "passed",
              "speed": "slow",
              "pass": true,
              "fail": false,
              "pending": false,
              "context": null,
              "code": "const response = await request\n    .get(\"/users\")\n    .set({\n        Authorization: `Bearer ${token}`\n    })\nconsole.log(JSON.stringify(response.body));\nexpect(response.status).to.eql(200);\nexpect(JSON.stringify(response.body.data.users));",
              "err": {},
              "uuid": "b3eae32b-b874-4a20-abca-8e392e4ca549",
              "parentUUID": "cc19fc7a-cc00-4ce7-abfb-b6920358e911",
              "isHook": false,
              "skipped": false
            },
            {
              "title": "Negatif Case - User List Gagal Ditampilkan",
              "fullTitle": "Get User List Negatif Case - User List Gagal Ditampilkan",
              "timedOut": false,
              "duration": 99,
              "state": "failed",
              "speed": null,
              "pass": false,
              "fail": true,
              "pending": false,
              "context": null,
              "code": "const response = await request\n    .get(\"/users\")\n    .set({\n        Authorization: `Bearer ${token}`\n    })\nexpect(response.status).to.eql(409);\nexpect(JSON.stringify(response.body.data));",
              "err": {
                "message": "AssertionError: expected 200 to deeply equal 409",
                "estack": "AssertionError: expected 200 to deeply equal 409\n    at Context.<anonymous> (test\\Automation.js:170:36)\n    at process.processTicksAndRejections (node:internal/process/task_queues:95:5)",
                "diff": "- 200\n+ 409\n"
              },
              "uuid": "16de7704-458d-4935-8b2c-3f7e5fb7bd78",
              "parentUUID": "cc19fc7a-cc00-4ce7-abfb-b6920358e911",
              "isHook": false,
              "skipped": false
            }
          ],
          "suites": [],
          "passes": [
            "b3eae32b-b874-4a20-abca-8e392e4ca549"
          ],
          "failures": [
            "16de7704-458d-4935-8b2c-3f7e5fb7bd78"
          ],
          "pending": [],
          "skipped": [],
          "duration": 211,
          "root": false,
          "rootEmpty": false,
          "_timeout": 2000
        },
        {
          "uuid": "e13b7c40-0a2c-4034-9bb9-7142d2b60584",
          "title": "Get User Detail",
          "fullFile": "C:\\Users\\Muhammad Zikri\\Desktop\\Lembaga Les Yang Diikuti\\Sanbercode\\Tugas2\\test\\Automation.js",
          "file": "\\test\\Automation.js",
          "beforeHooks": [],
          "afterHooks": [],
          "tests": [
            {
              "title": "Positif Case - User Detail Berhasil Di Tampilkan",
              "fullTitle": "Get User Detail Positif Case - User Detail Berhasil Di Tampilkan",
              "timedOut": false,
              "duration": 116,
              "state": "passed",
              "speed": "slow",
              "pass": true,
              "fail": false,
              "pending": false,
              "context": null,
              "code": "const response = await request\n    .get(`/users/${user_id}`)\n    .send({\n        \"name\": \"Alexander\",\n        \"email\": \"alexander@example.com\"\n    })\n    .set({\n        Authorization: `Bearer ${token}`,\n        ContentType: \"application/json\"\n    })\nconsole.log(response.body);\nexpect(response.status).to.eql(200);\nexpect(response.body.data.user.name).to.eql(\"Alexander\");\nexpect(response.body.data.user.email).to.eql(\"alexander@example.com\");",
              "err": {},
              "uuid": "e2c31ca9-1515-413b-a5be-dd1a17b69510",
              "parentUUID": "e13b7c40-0a2c-4034-9bb9-7142d2b60584",
              "isHook": false,
              "skipped": false
            },
            {
              "title": "Negatif Case - User Detail Gagal Di Tampilkan",
              "fullTitle": "Get User Detail Negatif Case - User Detail Gagal Di Tampilkan",
              "timedOut": false,
              "duration": 94,
              "state": "failed",
              "speed": null,
              "pass": false,
              "fail": true,
              "pending": false,
              "context": null,
              "code": "const response = await request\n    .get(`/users/${user_id}`)\n    .send({\n        \"name\": \"pizza\",\n        \"email\": \"pizza@example.com\"\n    })\n    .set({\n        Authorization: `Bearer ${token}`,\n        ContentType: \"application/json\"\n    })\nexpect(response.status).to.eql(200);\nexpect(response.body.data.user.name).to.eql(\"wahyudi\");\nexpect(response.body.data.user.email).to.eql(\"wahyudi@example.com\");",
              "err": {
                "message": "AssertionError: expected 'Alexander' to deeply equal 'wahyudi'",
                "estack": "AssertionError: expected 'Alexander' to deeply equal 'wahyudi'\n    at Context.<anonymous> (test\\Automation.js:208:49)\n    at process.processTicksAndRejections (node:internal/process/task_queues:95:5)",
                "diff": "- Alexander\n+ wahyudi\n"
              },
              "uuid": "73c417f0-fec5-48e0-b252-0c2ce84bb810",
              "parentUUID": "e13b7c40-0a2c-4034-9bb9-7142d2b60584",
              "isHook": false,
              "skipped": false
            }
          ],
          "suites": [],
          "passes": [
            "e2c31ca9-1515-413b-a5be-dd1a17b69510"
          ],
          "failures": [
            "73c417f0-fec5-48e0-b252-0c2ce84bb810"
          ],
          "pending": [],
          "skipped": [],
          "duration": 210,
          "root": false,
          "rootEmpty": false,
          "_timeout": 2000
        },
        {
          "uuid": "d28ad9e5-d255-473b-bc91-05335327515f",
          "title": "Del User Detail",
          "fullFile": "C:\\Users\\Muhammad Zikri\\Desktop\\Lembaga Les Yang Diikuti\\Sanbercode\\Tugas2\\test\\Automation.js",
          "file": "\\test\\Automation.js",
          "beforeHooks": [],
          "afterHooks": [],
          "tests": [
            {
              "title": "Positif Case - User Detail Berhasil Di Hapus",
              "fullTitle": "Del User Detail Positif Case - User Detail Berhasil Di Hapus",
              "timedOut": false,
              "duration": 95,
              "state": "passed",
              "speed": "slow",
              "pass": true,
              "fail": false,
              "pending": false,
              "context": null,
              "code": "const response = await request\n    .del(`/users/${user_id}`)\n    .set({\n        Authorization: `Bearer ${token}`,\n    })\nconsole.log(response.body);\nexpect(response.status).to.eql(200);\nexpect(response.body.message).to.eql(\"User berhasil dihapus\");",
              "err": {},
              "uuid": "df893810-29fa-424b-b29d-b2f5d13bcd9f",
              "parentUUID": "d28ad9e5-d255-473b-bc91-05335327515f",
              "isHook": false,
              "skipped": false
            },
            {
              "title": "Negatif Case - User Detail Gagal Di Hapus",
              "fullTitle": "Del User Detail Negatif Case - User Detail Gagal Di Hapus",
              "timedOut": false,
              "duration": 88,
              "state": "failed",
              "speed": null,
              "pass": false,
              "fail": true,
              "pending": false,
              "context": null,
              "code": "const response = await request\n    .del(`/users/${user_id}`)\n    .set({\n        Authorization: `Bearer ${token}`\n    })\nexpect(response.status).to.eql(404);\nexpect(response.body.error).to.eql(\"User tidak ditemukan\");",
              "err": {
                "message": "AssertionError: expected 200 to deeply equal 404",
                "estack": "AssertionError: expected 200 to deeply equal 404\n    at Context.<anonymous> (test\\Automation.js:234:36)\n    at process.processTicksAndRejections (node:internal/process/task_queues:95:5)",
                "diff": "- 200\n+ 404\n"
              },
              "uuid": "6c9ed0f8-569b-49d7-98a2-15edffdf1098",
              "parentUUID": "d28ad9e5-d255-473b-bc91-05335327515f",
              "isHook": false,
              "skipped": false
            }
          ],
          "suites": [],
          "passes": [
            "df893810-29fa-424b-b29d-b2f5d13bcd9f"
          ],
          "failures": [
            "6c9ed0f8-569b-49d7-98a2-15edffdf1098"
          ],
          "pending": [],
          "skipped": [],
          "duration": 183,
          "root": false,
          "rootEmpty": false,
          "_timeout": 2000
        }
      ],
      "passes": [],
      "failures": [],
      "pending": [],
      "skipped": [],
      "duration": 0,
      "root": true,
      "rootEmpty": true,
      "_timeout": 2000
    }
  ],
  "meta": {
    "mocha": {
      "version": "10.2.0"
    },
    "mochawesome": {
      "options": {
        "quiet": false,
        "reportFilename": "mochawesome",
        "saveHtml": true,
        "saveJson": true,
        "consoleReporter": "spec",
        "useInlineDiffs": false,
        "code": true
      },
      "version": "7.1.3"
    },
    "marge": {
      "options": null,
      "version": "6.2.0"
    }
  }
}